<?xml version="1.0" encoding="UTF-8"?>
<coverage generated="1780199932835" clover="3.2.0">
  <project timestamp="1780199932835" name="All files">
    <metrics statements="38" coveredstatements="35" conditionals="35" coveredconditionals="29" methods="3" coveredmethods="3" elements="76" coveredelements="67" complexity="0" loc="38" ncloc="38" packages="2" files="2" classes="2"/>
    <package name="src">
      <metrics statements="15" coveredstatements="14" conditionals="10" coveredconditionals="9" methods="1" coveredmethods="1"/>
      <file name="worker.ts" path="C:\Users\sri charan\OneDrive\Attachments\Desktop\my portfolio\my-portfolio\src\worker.ts">
        <metrics statements="15" coveredstatements="14" conditionals="10" coveredconditionals="9" methods="1" coveredmethods="1"/>
        <line num="20" count="5" type="stmt"/>
        <line num="22" count="5" type="cond" truecount="2" falsecount="0"/>
        <line num="23" count="4" type="cond" truecount="2" falsecount="0"/>
        <line num="24" count="1" type="stmt"/>
        <line num="28" count="3" type="stmt"/>
        <line num="29" count="3" type="stmt"/>
        <line num="31" count="0" type="stmt"/>
        <line num="34" count="3" type="stmt"/>
        <line num="35" count="3" type="cond" truecount="2" falsecount="0"/>
        <line num="36" count="1" type="stmt"/>
        <line num="39" count="2" type="cond" truecount="2" falsecount="0"/>
        <line num="40" count="1" type="stmt"/>
        <line num="53" count="1" type="stmt"/>
        <line num="59" count="2" type="stmt"/>
        <line num="65" count="1" type="stmt"/>
      </file>
    </package>
    <package name="src.lib">
      <metrics statements="23" coveredstatements="21" conditionals="25" coveredconditionals="20" methods="2" coveredmethods="2"/>
      <file name="contact.ts" path="C:\Users\sri charan\OneDrive\Attachments\Desktop\my portfolio\my-portfolio\src\lib\contact.ts">
        <metrics statements="23" coveredstatements="21" conditionals="25" coveredconditionals="20" methods="2" coveredmethods="2"/>
        <line num="12" count="4" type="stmt"/>
        <line num="15" count="11" type="stmt"/>
        <line num="17" count="11" type="cond" truecount="3" falsecount="1"/>
        <line num="18" count="0" type="stmt"/>
        <line num="21" count="11" type="stmt"/>
        <line num="22" count="11" type="cond" truecount="1" falsecount="1"/>
        <line num="23" count="11" type="cond" truecount="1" falsecount="1"/>
        <line num="24" count="11" type="cond" truecount="1" falsecount="1"/>
        <line num="25" count="11" type="cond" truecount="2" falsecount="0"/>
        <line num="27" count="11" type="cond" truecount="2" falsecount="0"/>
        <line num="28" count="2" type="stmt"/>
        <line num="31" count="11" type="cond" truecount="2" falsecount="0"/>
        <line num="32" count="3" type="stmt"/>
        <line num="35" count="11" type="cond" truecount="2" falsecount="0"/>
        <line num="36" count="3" type="stmt"/>
        <line num="39" count="11" type="cond" truecount="2" falsecount="0"/>
        <line num="40" count="3" type="stmt"/>
        <line num="43" count="11" type="cond" truecount="1" falsecount="1"/>
        <line num="44" count="0" type="stmt"/>
        <line num="47" count="11" type="cond" truecount="2" falsecount="0"/>
        <line num="48" count="7" type="stmt"/>
        <line num="51" count="4" type="stmt"/>
        <line num="55" count="4" type="stmt"/>
      </file>
    </package>
  </project>
</coverage>
