{"C:\\Users\\sri charan\\OneDrive\\Attachments\\Desktop\\my portfolio\\my-portfolio\\src\\worker.ts": {"path":"C:\\Users\\sri charan\\OneDrive\\Attachments\\Desktop\\my portfolio\\my-portfolio\\src\\worker.ts","statementMap":{"0":{"start":{"line":20,"column":16},"end":{"line":20,"column":null}},"1":{"start":{"line":22,"column":4},"end":{"line":63,"column":null}},"2":{"start":{"line":23,"column":6},"end":{"line":25,"column":null}},"3":{"start":{"line":24,"column":8},"end":{"line":24,"column":null}},"4":{"start":{"line":28,"column":6},"end":{"line":32,"column":null}},"5":{"start":{"line":29,"column":8},"end":{"line":29,"column":null}},"6":{"start":{"line":31,"column":8},"end":{"line":31,"column":null}},"7":{"start":{"line":34,"column":12},"end":{"line":34,"column":null}},"8":{"start":{"line":35,"column":6},"end":{"line":37,"column":null}},"9":{"start":{"line":36,"column":8},"end":{"line":36,"column":null}},"10":{"start":{"line":39,"column":6},"end":{"line":57,"column":null}},"11":{"start":{"line":40,"column":8},"end":{"line":51,"column":null}},"12":{"start":{"line":53,"column":8},"end":{"line":56,"column":null}},"13":{"start":{"line":59,"column":6},"end":{"line":62,"column":null}},"14":{"start":{"line":65,"column":4},"end":{"line":65,"column":null}}},"fnMap":{"0":{"name":"(anonymous_0)","decl":{"start":{"line":19,"column":8},"end":{"line":19,"column":14}},"loc":{"start":{"line":19,"column":61},"end":{"line":66,"column":null}},"line":19}},"branchMap":{"0":{"loc":{"start":{"line":22,"column":4},"end":{"line":63,"column":null}},"type":"if","locations":[{"start":{"line":22,"column":4},"end":{"line":63,"column":null}},{"start":{},"end":{}}],"line":22},"1":{"loc":{"start":{"line":23,"column":6},"end":{"line":25,"column":null}},"type":"if","locations":[{"start":{"line":23,"column":6},"end":{"line":25,"column":null}},{"start":{},"end":{}}],"line":23},"2":{"loc":{"start":{"line":35,"column":6},"end":{"line":37,"column":null}},"type":"if","locations":[{"start":{"line":35,"column":6},"end":{"line":37,"column":null}},{"start":{},"end":{}}],"line":35},"3":{"loc":{"start":{"line":39,"column":6},"end":{"line":57,"column":null}},"type":"if","locations":[{"start":{"line":39,"column":6},"end":{"line":57,"column":null}},{"start":{"line":52,"column":13},"end":{"line":57,"column":null}}],"line":39},"4":{"loc":{"start":{"line":48,"column":12},"end":{"line":48,"column":null}},"type":"binary-expr","locations":[{"start":{"line":48,"column":12},"end":{"line":48,"column":55}},{"start":{"line":48,"column":55},"end":{"line":48,"column":null}}],"line":48}},"s":{"0":5,"1":5,"2":4,"3":1,"4":3,"5":3,"6":0,"7":3,"8":3,"9":1,"10":2,"11":1,"12":1,"13":2,"14":1},"f":{"0":5},"b":{"0":[4,1],"1":[1,3],"2":[1,2],"3":[1,1],"4":[1,0]},"meta":{"lastBranch":5,"lastFunction":1,"lastStatement":15,"seen":{"f:19:8:19:14":0,"s:20:16:20:Infinity":0,"b:22:4:63:Infinity:undefined:undefined:undefined:undefined":0,"s:22:4:63:Infinity":1,"b:23:6:25:Infinity:undefined:undefined:undefined:undefined":1,"s:23:6:25:Infinity":2,"s:24:8:24:Infinity":3,"s:28:6:32:Infinity":4,"s:29:8:29:Infinity":5,"s:31:8:31:Infinity":6,"s:34:12:34:Infinity":7,"b:35:6:37:Infinity:undefined:undefined:undefined:undefined":2,"s:35:6:37:Infinity":8,"s:36:8:36:Infinity":9,"b:39:6:57:Infinity:52:13:57:Infinity":3,"s:39:6:57:Infinity":10,"s:40:8:51:Infinity":11,"b:48:12:48:55:48:55:48:Infinity":4,"s:53:8:56:Infinity":12,"s:59:6:62:Infinity":13,"s:65:4:65:Infinity":14}}}
,"C:\\Users\\sri charan\\OneDrive\\Attachments\\Desktop\\my portfolio\\my-portfolio\\src\\lib\\contact.ts": {"path":"C:\\Users\\sri charan\\OneDrive\\Attachments\\Desktop\\my portfolio\\my-portfolio\\src\\lib\\contact.ts","statementMap":{"0":{"start":{"line":12,"column":21},"end":{"line":12,"column":null}},"1":{"start":{"line":15,"column":41},"end":{"line":15,"column":null}},"2":{"start":{"line":17,"column":2},"end":{"line":19,"column":null}},"3":{"start":{"line":18,"column":4},"end":{"line":18,"column":null}},"4":{"start":{"line":21,"column":16},"end":{"line":21,"column":null}},"5":{"start":{"line":22,"column":15},"end":{"line":22,"column":null}},"6":{"start":{"line":23,"column":16},"end":{"line":23,"column":null}},"7":{"start":{"line":24,"column":18},"end":{"line":24,"column":null}},"8":{"start":{"line":25,"column":18},"end":{"line":25,"column":null}},"9":{"start":{"line":27,"column":2},"end":{"line":29,"column":null}},"10":{"start":{"line":28,"column":4},"end":{"line":28,"column":null}},"11":{"start":{"line":31,"column":2},"end":{"line":33,"column":null}},"12":{"start":{"line":32,"column":4},"end":{"line":32,"column":null}},"13":{"start":{"line":35,"column":2},"end":{"line":37,"column":null}},"14":{"start":{"line":36,"column":4},"end":{"line":36,"column":null}},"15":{"start":{"line":39,"column":2},"end":{"line":41,"column":null}},"16":{"start":{"line":40,"column":4},"end":{"line":40,"column":null}},"17":{"start":{"line":43,"column":2},"end":{"line":45,"column":null}},"18":{"start":{"line":44,"column":4},"end":{"line":44,"column":null}},"19":{"start":{"line":47,"column":2},"end":{"line":49,"column":null}},"20":{"start":{"line":48,"column":4},"end":{"line":48,"column":null}},"21":{"start":{"line":51,"column":2},"end":{"line":51,"column":null}},"22":{"start":{"line":55,"column":2},"end":{"line":61,"column":null}}},"fnMap":{"0":{"name":"validateContactInput","decl":{"start":{"line":14,"column":16},"end":{"line":14,"column":37}},"loc":{"start":{"line":14,"column":78},"end":{"line":52,"column":null}},"line":14},"1":{"name":"jsonResponse","decl":{"start":{"line":54,"column":16},"end":{"line":54,"column":29}},"loc":{"start":{"line":54,"column":68},"end":{"line":62,"column":null}},"line":54}},"branchMap":{"0":{"loc":{"start":{"line":17,"column":2},"end":{"line":19,"column":null}},"type":"if","locations":[{"start":{"line":17,"column":2},"end":{"line":19,"column":null}},{"start":{},"end":{}}],"line":17},"1":{"loc":{"start":{"line":17,"column":6},"end":{"line":17,"column":43}},"type":"binary-expr","locations":[{"start":{"line":17,"column":6},"end":{"line":17,"column":16}},{"start":{"line":17,"column":16},"end":{"line":17,"column":43}}],"line":17},"2":{"loc":{"start":{"line":22,"column":15},"end":{"line":22,"column":null}},"type":"cond-expr","locations":[{"start":{"line":22,"column":48},"end":{"line":22,"column":68}},{"start":{"line":22,"column":68},"end":{"line":22,"column":null}}],"line":22},"3":{"loc":{"start":{"line":23,"column":16},"end":{"line":23,"column":null}},"type":"cond-expr","locations":[{"start":{"line":23,"column":50},"end":{"line":23,"column":85}},{"start":{"line":23,"column":85},"end":{"line":23,"column":null}}],"line":23},"4":{"loc":{"start":{"line":24,"column":18},"end":{"line":24,"column":null}},"type":"cond-expr","locations":[{"start":{"line":24,"column":54},"end":{"line":24,"column":77}},{"start":{"line":24,"column":77},"end":{"line":24,"column":null}}],"line":24},"5":{"loc":{"start":{"line":25,"column":18},"end":{"line":25,"column":null}},"type":"cond-expr","locations":[{"start":{"line":25,"column":54},"end":{"line":25,"column":77}},{"start":{"line":25,"column":77},"end":{"line":25,"column":null}}],"line":25},"6":{"loc":{"start":{"line":27,"column":2},"end":{"line":29,"column":null}},"type":"if","locations":[{"start":{"line":27,"column":2},"end":{"line":29,"column":null}},{"start":{},"end":{}}],"line":27},"7":{"loc":{"start":{"line":31,"column":2},"end":{"line":33,"column":null}},"type":"if","locations":[{"start":{"line":31,"column":2},"end":{"line":33,"column":null}},{"start":{},"end":{}}],"line":31},"8":{"loc":{"start":{"line":35,"column":2},"end":{"line":37,"column":null}},"type":"if","locations":[{"start":{"line":35,"column":2},"end":{"line":37,"column":null}},{"start":{},"end":{}}],"line":35},"9":{"loc":{"start":{"line":39,"column":2},"end":{"line":41,"column":null}},"type":"if","locations":[{"start":{"line":39,"column":2},"end":{"line":41,"column":null}},{"start":{},"end":{}}],"line":39},"10":{"loc":{"start":{"line":43,"column":2},"end":{"line":45,"column":null}},"type":"if","locations":[{"start":{"line":43,"column":2},"end":{"line":45,"column":null}},{"start":{},"end":{}}],"line":43},"11":{"loc":{"start":{"line":47,"column":2},"end":{"line":49,"column":null}},"type":"if","locations":[{"start":{"line":47,"column":2},"end":{"line":49,"column":null}},{"start":{},"end":{}}],"line":47},"12":{"loc":{"start":{"line":54,"column":44},"end":{"line":54,"column":68}},"type":"default-arg","locations":[{"start":{"line":54,"column":53},"end":{"line":54,"column":68}}],"line":54}},"s":{"0":4,"1":11,"2":11,"3":0,"4":11,"5":11,"6":11,"7":11,"8":11,"9":11,"10":2,"11":11,"12":3,"13":11,"14":3,"15":11,"16":3,"17":11,"18":0,"19":11,"20":7,"21":4,"22":4},"f":{"0":11,"1":4},"b":{"0":[0,11],"1":[11,11],"2":[11,0],"3":[11,0],"4":[11,0],"5":[2,9],"6":[2,9],"7":[3,8],"8":[3,8],"9":[3,8],"10":[0,11],"11":[7,4],"12":[4]},"meta":{"lastBranch":13,"lastFunction":2,"lastStatement":23,"seen":{"s:12:21:12:Infinity":0,"f:14:16:14:37":0,"s:15:41:15:Infinity":1,"b:17:2:19:Infinity:undefined:undefined:undefined:undefined":0,"s:17:2:19:Infinity":2,"b:17:6:17:16:17:16:17:43":1,"s:18:4:18:Infinity":3,"s:21:16:21:Infinity":4,"s:22:15:22:Infinity":5,"b:22:48:22:68:22:68:22:Infinity":2,"s:23:16:23:Infinity":6,"b:23:50:23:85:23:85:23:Infinity":3,"s:24:18:24:Infinity":7,"b:24:54:24:77:24:77:24:Infinity":4,"s:25:18:25:Infinity":8,"b:25:54:25:77:25:77:25:Infinity":5,"b:27:2:29:Infinity:undefined:undefined:undefined:undefined":6,"s:27:2:29:Infinity":9,"s:28:4:28:Infinity":10,"b:31:2:33:Infinity:undefined:undefined:undefined:undefined":7,"s:31:2:33:Infinity":11,"s:32:4:32:Infinity":12,"b:35:2:37:Infinity:undefined:undefined:undefined:undefined":8,"s:35:2:37:Infinity":13,"s:36:4:36:Infinity":14,"b:39:2:41:Infinity:undefined:undefined:undefined:undefined":9,"s:39:2:41:Infinity":15,"s:40:4:40:Infinity":16,"b:43:2:45:Infinity:undefined:undefined:undefined:undefined":10,"s:43:2:45:Infinity":17,"s:44:4:44:Infinity":18,"b:47:2:49:Infinity:undefined:undefined:undefined:undefined":11,"s:47:2:49:Infinity":19,"s:48:4:48:Infinity":20,"s:51:2:51:Infinity":21,"f:54:16:54:29":1,"b:54:53:54:68":12,"s:55:2:61:Infinity":22}}}
}
